<?xml version="1.0" encoding="UTF-8"?>
<testsuite xmlns:xsi="http://www.w3.org/2001/XMLSchema-instance" xsi:noNamespaceSchemaLocation="https://maven.apache.org/surefire/maven-surefire-plugin/xsd/surefire-test-report.xsd" version="3.0.2" name="com.fablen.rabbitmq.RabbitmqDemoApplicationTests" time="4.587" tests="1" errors="0" skipped="0" failures="0">
  <properties>
[...]
</properties>
  <testcase name="contextLoads" classname="com.fablen.rabbitmq.RabbitmqDemoApplicationTests" time="0.754">
    <system-out><![CDATA[17:19:52.805 [main] INFO org.springframework.test.context.support.AnnotationConfigContextLoaderUtils -- Could not detect default configuration classes for test class [com.fablen.rabbitmq.RabbitmqDemoApplicationTests]: RabbitmqDemoApplicationTests does not declare any static, non-private, non-final, nested classes annotated with @Configuration.
17:19:52.941 [main] INFO org.springframework.boot.test.context.SpringBootTestContextBootstrapper -- Found @SpringBootConfiguration com.fablen.rabbitmq.RabbitmqDemoApplication for test class com.fablen.rabbitmq.RabbitmqDemoApplicationTests

  .   ____          _            __ _ _
 /\\ / ___'_ __ _ _(_)_ __  __ _ \ \ \ \
( ( )\___ | '_ | '_| | '_ \/ _` | \ \ \ \
 \\/  ___)| |_)| | | | | || (_| |  ) ) ) )
  '  |____| .__|_| |_|_| |_\__, | / / / /
 =========|_|==============|___/=/_/_/_/

 :: Spring Boot ::                (v3.5.5)

2025-08-29T17:19:53.518+08:00  INFO 27636 --- [rabbitmq-demo] [           main] c.f.r.RabbitmqDemoApplicationTests       : Starting RabbitmqDemoApplicationTests using Java 21.0.8 with PID 27636 (started by Administrator in D:\projet\GitHub\fablen\rabbitmq)
2025-08-29T17:19:53.520+08:00  INFO 27636 --- [rabbitmq-demo] [           main] c.f.r.RabbitmqDemoApplicationTests       : No active profile set, falling back to 1 default profile: "default"
2025-08-29T17:19:55.259+08:00  INFO 27636 --- [rabbitmq-demo] [           main] c.fablen.rabbitmq.client.RabbitMqClient  : 开始清理可能存在的冲突队列...
2025-08-29T17:19:55.265+08:00  INFO 27636 --- [rabbitmq-demo] [           main] o.s.a.r.c.CachingConnectionFactory       : Attempting to connect to: [192.168.0.13:5672]
2025-08-29T17:19:55.342+08:00  INFO 27636 --- [rabbitmq-demo] [           main] o.s.a.r.c.CachingConnectionFactory       : Created new connection: rabbitConnectionFactory#4052b19f:0/SimpleConnection@5a592c70 [delegate=amqp://youyu-dev@192.168.0.13:5672//youyu-cloud-dev, localPort=56647]
2025-08-29T17:19:55.373+08:00  INFO 27636 --- [rabbitmq-demo] [           main] c.fablen.rabbitmq.client.RabbitMqClient  : 队列 dlx.queue 存在，开始删除
2025-08-29T17:19:55.378+08:00  INFO 27636 --- [rabbitmq-demo] [           main] c.fablen.rabbitmq.client.RabbitMqClient  : 成功删除队列: dlx.queue
2025-08-29T17:19:55.379+08:00  INFO 27636 --- [rabbitmq-demo] [           main] c.fablen.rabbitmq.client.RabbitMqClient  : 队列 order.processing.queue 存在，开始删除
2025-08-29T17:19:55.382+08:00  INFO 27636 --- [rabbitmq-demo] [           main] c.fablen.rabbitmq.client.RabbitMqClient  : 成功删除队列: order.processing.queue
2025-08-29T17:19:55.383+08:00  INFO 27636 --- [rabbitmq-demo] [           main] c.fablen.rabbitmq.client.RabbitMqClient  : 队列 order.check.queue 存在，开始删除
2025-08-29T17:19:55.385+08:00  INFO 27636 --- [rabbitmq-demo] [           main] c.fablen.rabbitmq.client.RabbitMqClient  : 成功删除队列: order.check.queue
2025-08-29T17:19:55.390+08:00  INFO 27636 --- [rabbitmq-demo] [           main] c.fablen.rabbitmq.client.RabbitMqClient  : 成功删除交换机: dlx.exchange
2025-08-29T17:19:55.392+08:00  INFO 27636 --- [rabbitmq-demo] [           main] c.fablen.rabbitmq.client.RabbitMqClient  : 成功删除交换机: fablen.delayed.exchange
2025-08-29T17:19:55.395+08:00  INFO 27636 --- [rabbitmq-demo] [           main] c.fablen.rabbitmq.client.RabbitMqClient  : 成功删除交换机: fablen.direct.exchange
2025-08-29T17:19:55.396+08:00  INFO 27636 --- [rabbitmq-demo] [           main] c.fablen.rabbitmq.client.RabbitMqClient  : 队列清理完成
2025-08-29T17:19:55.425+08:00  INFO 27636 --- [rabbitmq-demo] [           main] c.fablen.rabbitmq.client.RabbitMqClient  : 初始化队列............
2025-08-29T17:19:55.449+08:00  INFO 27636 --- [rabbitmq-demo] [           main] c.fablen.rabbitmq.client.RabbitMqClient  : 死信交换机和队列创建成功
2025-08-29T17:19:55.450+08:00  WARN 27636 --- [rabbitmq-demo] [           main] c.fablen.rabbitmq.client.RabbitMqClient  : 队列 dlx.queue 已存在，删除后重建
2025-08-29T17:19:55.457+08:00  INFO 27636 --- [rabbitmq-demo] [           main] c.fablen.rabbitmq.client.RabbitMqClient  : 创建带死信配置的队列成功: dlx.queue
2025-08-29T17:19:55.458+08:00  INFO 27636 --- [rabbitmq-demo] [           main] c.fablen.rabbitmq.client.RabbitMqClient  : 初始化队列............
2025-08-29T17:19:55.460+08:00  WARN 27636 --- [rabbitmq-demo] [           main] c.fablen.rabbitmq.client.RabbitMqClient  : 死信队列已存在，删除后重建
2025-08-29T17:19:55.467+08:00  INFO 27636 --- [rabbitmq-demo] [           main] c.fablen.rabbitmq.client.RabbitMqClient  : 死信交换机和队列创建成功
2025-08-29T17:19:55.474+08:00  INFO 27636 --- [rabbitmq-demo] [           main] c.fablen.rabbitmq.client.RabbitMqClient  : 创建带死信配置的队列成功: order.check.queue
2025-08-29T17:19:55.474+08:00  INFO 27636 --- [rabbitmq-demo] [           main] c.fablen.rabbitmq.client.RabbitMqClient  : 初始化队列............
2025-08-29T17:19:55.476+08:00  WARN 27636 --- [rabbitmq-demo] [           main] c.fablen.rabbitmq.client.RabbitMqClient  : 死信队列已存在，删除后重建
2025-08-29T17:19:55.483+08:00  INFO 27636 --- [rabbitmq-demo] [           main] c.fablen.rabbitmq.client.RabbitMqClient  : 死信交换机和队列创建成功
2025-08-29T17:19:55.490+08:00  INFO 27636 --- [rabbitmq-demo] [           main] c.fablen.rabbitmq.client.RabbitMqClient  : 创建带死信配置的队列成功: order.processing.queue
2025-08-29T17:19:56.186+08:00  INFO 27636 --- [rabbitmq-demo] [           main] o.s.b.a.e.web.EndpointLinksResolver      : Exposing 1 endpoint beneath base path '/actuator'
2025-08-29T17:19:56.357+08:00  INFO 27636 --- [rabbitmq-demo] [           main] c.f.r.RabbitmqDemoApplicationTests       : Started RabbitmqDemoApplicationTests in 3.226 seconds (process running for 4.369)
]]></system-out>
    <system-err><![CDATA[Mockito is currently self-attaching to enable the inline-mock-maker. This will no longer work in future releases of the JDK. Please add Mockito as an agent to your build as described in Mockito's documentation: https://javadoc.io/doc/org.mockito/mockito-core/latest/org.mockito/org/mockito/Mockito.html#0.3
WARNING: A Java agent has been loaded dynamically (C:\Users\Administrator\.m2\repository\net\bytebuddy\byte-buddy-agent\1.17.7\byte-buddy-agent-1.17.7.jar)
WARNING: If a serviceability tool is in use, please run with -XX:+EnableDynamicAgentLoading to hide this warning
WARNING: If a serviceability tool is not in use, please run with -Djdk.instrument.traceUsage for more information
WARNING: Dynamic loading of agents will be disallowed by default in a future release
]]></system-err>
  </testcase>
</testsuite>